
> @nbins/web@0.1.0 dev D:\Code\nbins\packages\web
> vite "--host" "127.0.0.1" "--port" "4173"


  [32m[1mVITE[22m v5.4.21[39m  [2mready in [0m[1m642[22m[2m[0m ms[22m

  [32m➜[39m  [1mLocal[22m:   [36mhttp://127.0.0.1:[1m4173[22m/[39m
[2m21:38:35[22m [36m[1m[vite][22m[39m [32mhmr update [39m[2m/src/components/NcrEditor.tsx[22m
[2m21:40:44[22m [36m[1m[vite][22m[39m [32mhmr update [39m[2m/src/components/NcrEditor.tsx[22m
[2m21:50:48[22m [36m[1m[vite][22m[39m [32mhmr update [39m[2m/src/pages/Ncrs.tsx[22m
[2m21:51:53[22m [36m[1m[vite][22m[39m [32mhmr update [39m[2m/src/pages/Ncrs.tsx[22m
[2m21:54:24[22m [36m[1m[vite][22m[39m [32mhmr update [39m[2m/src/pages/Ncrs.tsx[22m
[2m21:55:59[22m [36m[1m[vite][22m[39m [32mhmr update [39m[2m/src/pages/Import.tsx, /src/pages/Observations.tsx, /src/pages/Dashboard.tsx, /src/pages/Admin.tsx[22m
[2m21:55:59[22m [36m[1m[vite][22m[39m [32mhmr update [39m[2m/src/components/NcrEditor.tsx[22m
[2m21:56:00[22m [36m[1m[vite][22m[39m [32mhmr update [39m[2m/src/components/NcrEditor.tsx[22m
[2m21:56:00[22m [36m[1m[vite][22m[39m [32mhmr update [39m[2m/src/components/NcrEditor.tsx[22m
[2m21:57:41[22m [36m[1m[vite][22m[39m [32mhmr update [39m[2m/src/pages/Ncrs.tsx[22m
[2m21:57:41[22m [36m[1m[vite][22m[39m [32mhmr update [39m[2m/src/pages/Ncrs.tsx[22m
[2m21:57:41[22m [36m[1m[vite][22m[39m [32mhmr update [39m[2m/src/pages/Ncrs.tsx[22m
[2m21:57:41[22m [36m[1m[vite][22m[39m [32mhmr update [39m[2m/src/pages/Ncrs.tsx[22m
[2m21:58:45[22m [36m[1m[vite][22m[39m [32mhmr update [39m[2m/src/pages/Ncrs.tsx[22m
[2m21:58:45[22m [36m[1m[vite][22m[39m [32mhmr update [39m[2m/src/pages/Ncrs.tsx[22m
[2m21:58:45[22m [36m[1m[vite][22m[39m [32mhmr update [39m[2m/src/pages/Ncrs.tsx[22m
[2m21:58:45[22m [36m[1m[vite][22m[39m [32mhmr update [39m[2m/src/pages/Ncrs.tsx[22m
[2m21:59:00[22m [36m[1m[vite][22m[39m [32mhmr update [39m[2m/src/pages/Reports.tsx[22m
[2m21:59:10[22m [36m[1m[vite][22m[39m [32mhmr update [39m[2m/src/pages/Ncrs.tsx[22m
[2m21:59:26[22m [36m[1m[vite][22m[39m [32mhmr update [39m[2m/src/pages/Reports.tsx[22m
[2m22:01:14[22m [36m[1m[vite][22m[39m [32mhmr update [39m[2m/src/pages/Reports.tsx[22m
[2m22:01:29[22m [36m[1m[vite][22m[39m [32mhmr update [39m[2m/src/pages/Ncrs.tsx[22m
[2m22:02:25[22m [36m[1m[vite][22m[39m [32mhmr update [39m[2m/src/App.tsx[22m
[2m22:02:25[22m [36m[1m[vite][22m[39m [32mhmr update [39m[2m/src/App.tsx[22m
[2m22:03:05[22m [36m[1m[vite][22m[39m [32mhmr update [39m[2m/src/pages/Ncrs.tsx[22m
[2m22:03:06[22m [36m[1m[vite][22m[39m [32mhmr update [39m[2m/src/pages/Ncrs.tsx[22m
[2m22:03:06[22m [36m[1m[vite][22m[39m [32mhmr update [39m[2m/src/pages/Ncrs.tsx[22m
[2m22:05:32[22m [36m[1m[vite][22m[39m [32mhmr update [39m[2m/src/pages/Ncrs.tsx[22m
[2m22:06:04[22m [36m[1m[vite][22m[39m [32mhmr update [39m[2m/src/pages/Reports.tsx[22m
[2m22:06:57[22m [36m[1m[vite][22m[39m [32mhmr update [39m[2m/src/pages/Reports.tsx[22m
[2m22:07:56[22m [36m[1m[vite][22m[39m [32mhmr update [39m[2m/src/components/NcrEditor.tsx[22m
[2m22:07:57[22m [36m[1m[vite][22m[39m [32mhmr update [39m[2m/src/components/NcrEditor.tsx[22m
[2m22:08:59[22m [36m[1m[vite][22m[39m [32mhmr update [39m[2m/src/pages/Reports.tsx[22m
[2m22:09:07[22m [36m[1m[vite][22m[39m [32mhmr update [39m[2m/src/pages/Reports.tsx[22m
[2m22:09:26[22m [36m[1m[vite][22m[39m [32mhmr update [39m[2m/src/pages/Reports.tsx[22m
[2m22:09:39[22m [36m[1m[vite][22m[39m [32mhmr update [39m[2m/src/pages/Reports.tsx[22m
[2m22:10:43[22m [36m[1m[vite][22m[39m [32mhmr update [39m[2m/src/pages/Reports.tsx[22m
[2m22:10:44[22m [36m[1m[vite][22m[39m [32mhmr update [39m[2m/src/components/NcrEditor.tsx[22m
[2m22:10:52[22m [36m[1m[vite][22m[39m [32mhmr update [39m[2m/src/pages/Reports.tsx[22m
[2m22:14:21[22m [36m[1m[vite][22m[39m [32mhmr update [39m[2m/src/components/NcrEditor.tsx[22m
[2m22:14:48[22m [36m[1m[vite][22m[39m [32mhmr update [39m[2m/src/components/NcrEditor.tsx[22m
[2m22:21:21[22m [36m[1m[vite][22m[39m [32mhmr update [39m[2m/src/pages/Projects.tsx, /src/pages/Login.tsx, /src/pages/Ncrs.tsx, /src/pages/Import.tsx, /src/pages/Reports.tsx, /src/pages/SqlConsole.tsx, /src/pages/Observations.tsx, /src/pages/Dashboard.tsx, /src/pages/Admin.tsx, /src/components/TopBar.tsx, /src/components/RelatedFileUploader.tsx, /src/components/ImageUploader.tsx, /src/components/NcrEditor.tsx, /src/components/ImageGallery.tsx[22m
[2m22:21:21[22m [36m[1m[vite][22m[39m [32mhmr update [39m[2m/src/pages/Projects.tsx, /src/pages/Login.tsx, /src/pages/Ncrs.tsx, /src/pages/Import.tsx, /src/pages/Reports.tsx, /src/pages/SqlConsole.tsx, /src/pages/Observations.tsx, /src/pages/Dashboard.tsx, /src/pages/Admin.tsx, /src/components/TopBar.tsx, /src/components/RelatedFileUploader.tsx, /src/components/ImageUploader.tsx, /src/components/NcrEditor.tsx, /src/components/ImageGallery.tsx[22m
[2m22:21:43[22m [36m[1m[vite][22m[39m [32mhmr update [39m[2m/src/pages/Ncrs.tsx[22m
[2m22:21:43[22m [36m[1m[vite][22m[39m [32mhmr update [39m[2m/src/pages/Ncrs.tsx[22m
[2m22:22:42[22m [36m[1m[vite][22m[39m [32mhmr update [39m[2m/src/pages/Ncrs.tsx[22m
[2m22:23:16[22m [36m[1m[vite][22m[39m [32mhmr update [39m[2m/src/pages/Ncrs.tsx[22m
[2m22:44:31[22m [36m[1m[vite][22m[39m [32mhmr update [39m[2m/src/pages/Projects.tsx, /src/pages/Login.tsx, /src/pages/Ncrs.tsx, /src/pages/Import.tsx, /src/pages/Reports.tsx, /src/pages/SqlConsole.tsx, /src/pages/Observations.tsx, /src/pages/Dashboard.tsx, /src/pages/Admin.tsx, /src/components/TopBar.tsx, /src/components/RelatedFileUploader.tsx, /src/components/ImageUploader.tsx, /src/components/NcrEditor.tsx, /src/components/ImageGallery.tsx[22m
[2m22:50:34[22m [36m[1m[vite][22m[39m [32mhmr update [39m[2m/src/pages/Projects.tsx, /src/pages/Login.tsx, /src/pages/Ncrs.tsx, /src/pages/Import.tsx, /src/pages/Reports.tsx, /src/pages/SqlConsole.tsx, /src/pages/Observations.tsx, /src/pages/Dashboard.tsx, /src/pages/Admin.tsx, /src/components/TopBar.tsx, /src/components/RelatedFileUploader.tsx, /src/components/ImageUploader.tsx, /src/components/NcrEditor.tsx, /src/components/ImageGallery.tsx[22m
[2m22:50:34[22m [36m[1m[vite][22m[39m [32mhmr update [39m[2m/src/pages/Ncrs.tsx[22m
[2m22:50:35[22m [36m[1m[vite][22m[39m [32mhmr update [39m[2m/src/pages/Ncrs.tsx[22m
[2m23:11:17[22m [36m[1m[vite][22m[39m [32mhmr update [39m[2m/src/pages/Ncrs.tsx[22m
[2m23:14:15[22m [36m[1m[vite][22m[39m [32mhmr update [39m[2m/src/pages/Import.tsx, /src/pages/Observations.tsx, /src/pages/Dashboard.tsx, /src/pages/Admin.tsx[22m
