[2m21:59:00[22m [31m[1m[vite][22m[39m [31mInternal server error: D:\Code\nbins\packages\web\src\pages\Reports.tsx: Expected corresponding JSX closing tag for <ReportPage>. (926:10)

[0m [90m 924 |[31m               [33m<[31m[33m/[31m[33mdiv[31m[33m>[31m
 [90m 925 |[31m             [33m<[31m[33m/[31m[33mdiv[31m[33m>[31m
[31m[1m>[22m[31m[90m 926 |[31m           [33m<[31m[33m/[31m[33mdiv[31m[33m>[31m
 [90m     |[31m           [31m[1m^[22m[31m
 [90m 927 |[31m         [33m<[31m[33m/[31m[33mReportPage[31m[33m>[31m
 [90m 928 |[31m
 [90m 929 |[31m         [33m<[31m[33mReportPage[31m pageNumber[33m=[31m{[35m2[31m} totalPages[33m=[31m{[35m2[31m} projectName[33m=[31m{currentProjectName}[33m>[31m[0m[39m
  Plugin: [35mvite:react-babel[39m
  File: [36mD:/Code/nbins/packages/web/src/pages/Reports.tsx[39m:926:10
[33m  941|                <div style={{ minHeight: '270px' }}>
  942|                  <ResponsiveContainer width="100%" height="100%">
  943|                    <BarChart data={disciplineQualityData} margin={{ top: 10, right: 10, left: -20, bottom: 0 }}>
     |             ^
  944|                      <CartesianGrid strokeDasharray="3 3" vertical={false} stroke="#e2e8f0" />
  945|                      <XAxis dataKey="discipline" axisLine={false} tickLine={false} tick={{ fontSize: 8, fontWeight: 900, fill: '#64748b' }} />[39m
      at constructor (D:\Code\nbins\node_modules\.pnpm\@babel+parser@7.29.2\node_modules\@babel\parser\lib\index.js:365:19)
      at TypeScriptParserMixin.raise (D:\Code\nbins\node_modules\.pnpm\@babel+parser@7.29.2\node_modules\@babel\parser\lib\index.js:6599:19)
      at TypeScriptParserMixin.jsxParseElementAt (D:\Code\nbins\node_modules\.pnpm\@babel+parser@7.29.2\node_modules\@babel\parser\lib\index.js:4727:16)
      at TypeScriptParserMixin.jsxParseElementAt (D:\Code\nbins\node_modules\.pnpm\@babel+parser@7.29.2\node_modules\@babel\parser\lib\index.js:4698:32)
      at TypeScriptParserMixin.jsxParseElementAt (D:\Code\nbins\node_modules\.pnpm\@babel+parser@7.29.2\node_modules\@babel\parser\lib\index.js:4698:32)
      at TypeScriptParserMixin.jsxParseElement (D:\Code\nbins\node_modules\.pnpm\@babel+parser@7.29.2\node_modules\@babel\parser\lib\index.js:4749:17)
      at TypeScriptParserMixin.parseExprAtom (D:\Code\nbins\node_modules\.pnpm\@babel+parser@7.29.2\node_modules\@babel\parser\lib\index.js:4759:19)
      at TypeScriptParserMixin.parseExprSubscripts (D:\Code\nbins\node_modules\.pnpm\@babel+parser@7.29.2\node_modules\@babel\parser\lib\index.js:11081:23)
      at TypeScriptParserMixin.parseUpdate (D:\Code\nbins\node_modules\.pnpm\@babel+parser@7.29.2\node_modules\@babel\parser\lib\index.js:11066:21)
      at TypeScriptParserMixin.parseMaybeUnary (D:\Code\nbins\node_modules\.pnpm\@babel+parser@7.29.2\node_modules\@babel\parser\lib\index.js:11046:23)
      at TypeScriptParserMixin.parseMaybeUnary (D:\Code\nbins\node_modules\.pnpm\@babel+parser@7.29.2\node_modules\@babel\parser\lib\index.js:9837:18)
      at TypeScriptParserMixin.parseMaybeUnaryOrPrivate (D:\Code\nbins\node_modules\.pnpm\@babel+parser@7.29.2\node_modules\@babel\parser\lib\index.js:10899:61)
      at TypeScriptParserMixin.parseExprOps (D:\Code\nbins\node_modules\.pnpm\@babel+parser@7.29.2\node_modules\@babel\parser\lib\index.js:10904:23)
      at TypeScriptParserMixin.parseMaybeConditional (D:\Code\nbins\node_modules\.pnpm\@babel+parser@7.29.2\node_modules\@babel\parser\lib\index.js:10881:23)
      at TypeScriptParserMixin.parseMaybeAssign (D:\Code\nbins\node_modules\.pnpm\@babel+parser@7.29.2\node_modules\@babel\parser\lib\index.js:10831:21)
      at D:\Code\nbins\node_modules\.pnpm\@babel+parser@7.29.2\node_modules\@babel\parser\lib\index.js:9775:39
      at TypeScriptParserMixin.tryParse (D:\Code\nbins\node_modules\.pnpm\@babel+parser@7.29.2\node_modules\@babel\parser\lib\index.js:6907:20)
      at TypeScriptParserMixin.parseMaybeAssign (D:\Code\nbins\node_modules\.pnpm\@babel+parser@7.29.2\node_modules\@babel\parser\lib\index.js:9775:18)
      at D:\Code\nbins\node_modules\.pnpm\@babel+parser@7.29.2\node_modules\@babel\parser\lib\index.js:10800:39
      at TypeScriptParserMixin.allowInAnd (D:\Code\nbins\node_modules\.pnpm\@babel+parser@7.29.2\node_modules\@babel\parser\lib\index.js:12426:12)
      at TypeScriptParserMixin.parseMaybeAssignAllowIn (D:\Code\nbins\node_modules\.pnpm\@babel+parser@7.29.2\node_modules\@babel\parser\lib\index.js:10800:17)
      at TypeScriptParserMixin.parseMaybeAssignAllowInOrVoidPattern (D:\Code\nbins\node_modules\.pnpm\@babel+parser@7.29.2\node_modules\@babel\parser\lib\index.js:12493:17)
      at TypeScriptParserMixin.parseParenAndDistinguishExpression (D:\Code\nbins\node_modules\.pnpm\@babel+parser@7.29.2\node_modules\@babel\parser\lib\index.js:11675:28)
      at TypeScriptParserMixin.parseExprAtom (D:\Code\nbins\node_modules\.pnpm\@babel+parser@7.29.2\node_modules\@babel\parser\lib\index.js:11331:23)
      at TypeScriptParserMixin.parseExprAtom (D:\Code\nbins\node_modules\.pnpm\@babel+parser@7.29.2\node_modules\@babel\parser\lib\index.js:4764:20)
      at TypeScriptParserMixin.parseExprSubscripts (D:\Code\nbins\node_modules\.pnpm\@babel+parser@7.29.2\node_modules\@babel\parser\lib\index.js:11081:23)
      at TypeScriptParserMixin.parseUpdate (D:\Code\nbins\node_modules\.pnpm\@babel+parser@7.29.2\node_modules\@babel\parser\lib\index.js:11066:21)
      at TypeScriptParserMixin.parseMaybeUnary (D:\Code\nbins\node_modules\.pnpm\@babel+parser@7.29.2\node_modules\@babel\parser\lib\index.js:11046:23)
      at TypeScriptParserMixin.parseMaybeUnary (D:\Code\nbins\node_modules\.pnpm\@babel+parser@7.29.2\node_modules\@babel\parser\lib\index.js:9837:18)
      at TypeScriptParserMixin.parseMaybeUnaryOrPrivate (D:\Code\nbins\node_modules\.pnpm\@babel+parser@7.29.2\node_modules\@babel\parser\lib\index.js:10899:61)
      at TypeScriptParserMixin.parseExprOps (D:\Code\nbins\node_modules\.pnpm\@babel+parser@7.29.2\node_modules\@babel\parser\lib\index.js:10904:23)
      at TypeScriptParserMixin.parseMaybeConditional (D:\Code\nbins\node_modules\.pnpm\@babel+parser@7.29.2\node_modules\@babel\parser\lib\index.js:10881:23)
      at TypeScriptParserMixin.parseMaybeAssign (D:\Code\nbins\node_modules\.pnpm\@babel+parser@7.29.2\node_modules\@babel\parser\lib\index.js:10831:21)
      at TypeScriptParserMixin.parseMaybeAssign (D:\Code\nbins\node_modules\.pnpm\@babel+parser@7.29.2\node_modules\@babel\parser\lib\index.js:9786:20)
      at TypeScriptParserMixin.parseExpressionBase (D:\Code\nbins\node_modules\.pnpm\@babel+parser@7.29.2\node_modules\@babel\parser\lib\index.js:10784:23)
      at D:\Code\nbins\node_modules\.pnpm\@babel+parser@7.29.2\node_modules\@babel\parser\lib\index.js:10780:39
      at TypeScriptParserMixin.allowInAnd (D:\Code\nbins\node_modules\.pnpm\@babel+parser@7.29.2\node_modules\@babel\parser\lib\index.js:12421:16)
      at TypeScriptParserMixin.parseExpression (D:\Code\nbins\node_modules\.pnpm\@babel+parser@7.29.2\node_modules\@babel\parser\lib\index.js:10780:17)
      at TypeScriptParserMixin.parseReturnStatement (D:\Code\nbins\node_modules\.pnpm\@babel+parser@7.29.2\node_modules\@babel\parser\lib\index.js:13142:28)
      at TypeScriptParserMixin.parseStatementContent (D:\Code\nbins\node_modules\.pnpm\@babel+parser@7.29.2\node_modules\@babel\parser\lib\index.js:12798:21)
      at TypeScriptParserMixin.parseStatementContent (D:\Code\nbins\node_modules\.pnpm\@babel+parser@7.29.2\node_modules\@babel\parser\lib\index.js:9508:18)
      at TypeScriptParserMixin.parseStatementLike (D:\Code\nbins\node_modules\.pnpm\@babel+parser@7.29.2\node_modules\@babel\parser\lib\index.js:12767:17)
      at TypeScriptParserMixin.parseStatementListItem (D:\Code\nbins\node_modules\.pnpm\@babel+parser@7.29.2\node_modules\@babel\parser\lib\index.js:12747:17)
      at TypeScriptParserMixin.parseBlockOrModuleBlockBody (D:\Code\nbins\node_modules\.pnpm\@babel+parser@7.29.2\node_modules\@babel\parser\lib\index.js:13316:61)
      at TypeScriptParserMixin.parseBlockBody (D:\Code\nbins\node_modules\.pnpm\@babel+parser@7.29.2\node_modules\@babel\parser\lib\index.js:13309:10)
      at TypeScriptParserMixin.parseBlock (D:\Code\nbins\node_modules\.pnpm\@babel+parser@7.29.2\node_modules\@babel\parser\lib\index.js:13297:10)
      at TypeScriptParserMixin.parseFunctionBody (D:\Code\nbins\node_modules\.pnpm\@babel+parser@7.29.2\node_modules\@babel\parser\lib\index.js:12100:24)
      at TypeScriptParserMixin.parseFunctionBodyAndFinish (D:\Code\nbins\node_modules\.pnpm\@babel+parser@7.29.2\node_modules\@babel\parser\lib\index.js:12086:10)
      at TypeScriptParserMixin.parseFunctionBodyAndFinish (D:\Code\nbins\node_modules\.pnpm\@babel+parser@7.29.2\node_modules\@babel\parser\lib\index.js:9172:18)
      at D:\Code\nbins\node_modules\.pnpm\@babel+parser@7.29.2\node_modules\@babel\parser\lib\index.js:13445:12
[2m22:06:04[22m [31m[1m[vite][22m[39m [31mInternal server error: D:\Code\nbins\packages\web\src\pages\Reports.tsx: Expected corresponding JSX closing tag for <ReportPage>. (1054:10)

[0m [90m 1052 |[31m
 [90m 1053 |[31m             [33m<[31m[33m/[31m[33mdiv[31m[33m>[31m
[31m[1m>[22m[31m[90m 1054 |[31m           [33m<[31m[33m/[31m[33mdiv[31m[33m>[31m
 [90m      |[31m           [31m[1m^[22m[31m
 [90m 1055 |[31m         [33m<[31m[33m/[31m[33mReportPage[31m[33m>[31m
 [90m 1056 |[31m
 [90m 1057 |[31m         [33m<[31m[33mReportPage[31m pageNumber[33m=[31m{[35m3[31m} totalPages[33m=[31m{[35m3[31m} projectName[33m=[31m{currentProjectName} isFlexible[33m>[31m[0m[39m
  Plugin: [35mvite:react-babel[39m
  File: [36mD:/Code/nbins/packages/web/src/pages/Reports.tsx[39m:1054:10
[33m  1078|                  Discipline Inspection Result and Comment Summary
  1079|                </div>
  1080|                <table style={{ width: '100%', borderCollapse: 'collapse' }}>
     |     ^
  1081|                  <thead>
  1082|                    <tr style={{ background: '#f1f5f9' }}>[39m
      at constructor (D:\Code\nbins\node_modules\.pnpm\@babel+parser@7.29.2\node_modules\@babel\parser\lib\index.js:365:19)
      at TypeScriptParserMixin.raise (D:\Code\nbins\node_modules\.pnpm\@babel+parser@7.29.2\node_modules\@babel\parser\lib\index.js:6599:19)
      at TypeScriptParserMixin.jsxParseElementAt (D:\Code\nbins\node_modules\.pnpm\@babel+parser@7.29.2\node_modules\@babel\parser\lib\index.js:4727:16)
      at TypeScriptParserMixin.jsxParseElementAt (D:\Code\nbins\node_modules\.pnpm\@babel+parser@7.29.2\node_modules\@babel\parser\lib\index.js:4698:32)
      at TypeScriptParserMixin.jsxParseElementAt (D:\Code\nbins\node_modules\.pnpm\@babel+parser@7.29.2\node_modules\@babel\parser\lib\index.js:4698:32)
      at TypeScriptParserMixin.jsxParseElement (D:\Code\nbins\node_modules\.pnpm\@babel+parser@7.29.2\node_modules\@babel\parser\lib\index.js:4749:17)
      at TypeScriptParserMixin.parseExprAtom (D:\Code\nbins\node_modules\.pnpm\@babel+parser@7.29.2\node_modules\@babel\parser\lib\index.js:4759:19)
      at TypeScriptParserMixin.parseExprSubscripts (D:\Code\nbins\node_modules\.pnpm\@babel+parser@7.29.2\node_modules\@babel\parser\lib\index.js:11081:23)
      at TypeScriptParserMixin.parseUpdate (D:\Code\nbins\node_modules\.pnpm\@babel+parser@7.29.2\node_modules\@babel\parser\lib\index.js:11066:21)
      at TypeScriptParserMixin.parseMaybeUnary (D:\Code\nbins\node_modules\.pnpm\@babel+parser@7.29.2\node_modules\@babel\parser\lib\index.js:11046:23)
      at TypeScriptParserMixin.parseMaybeUnary (D:\Code\nbins\node_modules\.pnpm\@babel+parser@7.29.2\node_modules\@babel\parser\lib\index.js:9837:18)
      at TypeScriptParserMixin.parseMaybeUnaryOrPrivate (D:\Code\nbins\node_modules\.pnpm\@babel+parser@7.29.2\node_modules\@babel\parser\lib\index.js:10899:61)
      at TypeScriptParserMixin.parseExprOps (D:\Code\nbins\node_modules\.pnpm\@babel+parser@7.29.2\node_modules\@babel\parser\lib\index.js:10904:23)
      at TypeScriptParserMixin.parseMaybeConditional (D:\Code\nbins\node_modules\.pnpm\@babel+parser@7.29.2\node_modules\@babel\parser\lib\index.js:10881:23)
      at TypeScriptParserMixin.parseMaybeAssign (D:\Code\nbins\node_modules\.pnpm\@babel+parser@7.29.2\node_modules\@babel\parser\lib\index.js:10831:21)
      at D:\Code\nbins\node_modules\.pnpm\@babel+parser@7.29.2\node_modules\@babel\parser\lib\index.js:9775:39
      at TypeScriptParserMixin.tryParse (D:\Code\nbins\node_modules\.pnpm\@babel+parser@7.29.2\node_modules\@babel\parser\lib\index.js:6907:20)
      at TypeScriptParserMixin.parseMaybeAssign (D:\Code\nbins\node_modules\.pnpm\@babel+parser@7.29.2\node_modules\@babel\parser\lib\index.js:9775:18)
      at D:\Code\nbins\node_modules\.pnpm\@babel+parser@7.29.2\node_modules\@babel\parser\lib\index.js:10800:39
      at TypeScriptParserMixin.allowInAnd (D:\Code\nbins\node_modules\.pnpm\@babel+parser@7.29.2\node_modules\@babel\parser\lib\index.js:12426:12)
      at TypeScriptParserMixin.parseMaybeAssignAllowIn (D:\Code\nbins\node_modules\.pnpm\@babel+parser@7.29.2\node_modules\@babel\parser\lib\index.js:10800:17)
      at TypeScriptParserMixin.parseMaybeAssignAllowInOrVoidPattern (D:\Code\nbins\node_modules\.pnpm\@babel+parser@7.29.2\node_modules\@babel\parser\lib\index.js:12493:17)
      at TypeScriptParserMixin.parseParenAndDistinguishExpression (D:\Code\nbins\node_modules\.pnpm\@babel+parser@7.29.2\node_modules\@babel\parser\lib\index.js:11675:28)
      at TypeScriptParserMixin.parseExprAtom (D:\Code\nbins\node_modules\.pnpm\@babel+parser@7.29.2\node_modules\@babel\parser\lib\index.js:11331:23)
      at TypeScriptParserMixin.parseExprAtom (D:\Code\nbins\node_modules\.pnpm\@babel+parser@7.29.2\node_modules\@babel\parser\lib\index.js:4764:20)
      at TypeScriptParserMixin.parseExprSubscripts (D:\Code\nbins\node_modules\.pnpm\@babel+parser@7.29.2\node_modules\@babel\parser\lib\index.js:11081:23)
      at TypeScriptParserMixin.parseUpdate (D:\Code\nbins\node_modules\.pnpm\@babel+parser@7.29.2\node_modules\@babel\parser\lib\index.js:11066:21)
      at TypeScriptParserMixin.parseMaybeUnary (D:\Code\nbins\node_modules\.pnpm\@babel+parser@7.29.2\node_modules\@babel\parser\lib\index.js:11046:23)
      at TypeScriptParserMixin.parseMaybeUnary (D:\Code\nbins\node_modules\.pnpm\@babel+parser@7.29.2\node_modules\@babel\parser\lib\index.js:9837:18)
      at TypeScriptParserMixin.parseMaybeUnaryOrPrivate (D:\Code\nbins\node_modules\.pnpm\@babel+parser@7.29.2\node_modules\@babel\parser\lib\index.js:10899:61)
      at TypeScriptParserMixin.parseExprOps (D:\Code\nbins\node_modules\.pnpm\@babel+parser@7.29.2\node_modules\@babel\parser\lib\index.js:10904:23)
      at TypeScriptParserMixin.parseMaybeConditional (D:\Code\nbins\node_modules\.pnpm\@babel+parser@7.29.2\node_modules\@babel\parser\lib\index.js:10881:23)
      at TypeScriptParserMixin.parseMaybeAssign (D:\Code\nbins\node_modules\.pnpm\@babel+parser@7.29.2\node_modules\@babel\parser\lib\index.js:10831:21)
      at TypeScriptParserMixin.parseMaybeAssign (D:\Code\nbins\node_modules\.pnpm\@babel+parser@7.29.2\node_modules\@babel\parser\lib\index.js:9786:20)
      at TypeScriptParserMixin.parseExpressionBase (D:\Code\nbins\node_modules\.pnpm\@babel+parser@7.29.2\node_modules\@babel\parser\lib\index.js:10784:23)
      at D:\Code\nbins\node_modules\.pnpm\@babel+parser@7.29.2\node_modules\@babel\parser\lib\index.js:10780:39
      at TypeScriptParserMixin.allowInAnd (D:\Code\nbins\node_modules\.pnpm\@babel+parser@7.29.2\node_modules\@babel\parser\lib\index.js:12421:16)
      at TypeScriptParserMixin.parseExpression (D:\Code\nbins\node_modules\.pnpm\@babel+parser@7.29.2\node_modules\@babel\parser\lib\index.js:10780:17)
      at TypeScriptParserMixin.parseReturnStatement (D:\Code\nbins\node_modules\.pnpm\@babel+parser@7.29.2\node_modules\@babel\parser\lib\index.js:13142:28)
      at TypeScriptParserMixin.parseStatementContent (D:\Code\nbins\node_modules\.pnpm\@babel+parser@7.29.2\node_modules\@babel\parser\lib\index.js:12798:21)
      at TypeScriptParserMixin.parseStatementContent (D:\Code\nbins\node_modules\.pnpm\@babel+parser@7.29.2\node_modules\@babel\parser\lib\index.js:9508:18)
      at TypeScriptParserMixin.parseStatementLike (D:\Code\nbins\node_modules\.pnpm\@babel+parser@7.29.2\node_modules\@babel\parser\lib\index.js:12767:17)
      at TypeScriptParserMixin.parseStatementListItem (D:\Code\nbins\node_modules\.pnpm\@babel+parser@7.29.2\node_modules\@babel\parser\lib\index.js:12747:17)
      at TypeScriptParserMixin.parseBlockOrModuleBlockBody (D:\Code\nbins\node_modules\.pnpm\@babel+parser@7.29.2\node_modules\@babel\parser\lib\index.js:13316:61)
      at TypeScriptParserMixin.parseBlockBody (D:\Code\nbins\node_modules\.pnpm\@babel+parser@7.29.2\node_modules\@babel\parser\lib\index.js:13309:10)
      at TypeScriptParserMixin.parseBlock (D:\Code\nbins\node_modules\.pnpm\@babel+parser@7.29.2\node_modules\@babel\parser\lib\index.js:13297:10)
      at TypeScriptParserMixin.parseFunctionBody (D:\Code\nbins\node_modules\.pnpm\@babel+parser@7.29.2\node_modules\@babel\parser\lib\index.js:12100:24)
      at TypeScriptParserMixin.parseFunctionBodyAndFinish (D:\Code\nbins\node_modules\.pnpm\@babel+parser@7.29.2\node_modules\@babel\parser\lib\index.js:12086:10)
      at TypeScriptParserMixin.parseFunctionBodyAndFinish (D:\Code\nbins\node_modules\.pnpm\@babel+parser@7.29.2\node_modules\@babel\parser\lib\index.js:9172:18)
      at D:\Code\nbins\node_modules\.pnpm\@babel+parser@7.29.2\node_modules\@babel\parser\lib\index.js:13445:12
[2m22:06:57[22m [31m[1m[vite][22m[39m [31mInternal server error: D:\Code\nbins\packages\web\src\pages\Reports.tsx: Expected corresponding JSX closing tag for <div>. (927:8)

[0m [90m 925 |[31m               [33m<[31m[33m/[31m[33mdiv[31m[33m>[31m
 [90m 926 |[31m           [33m<[31m[33m/[31m[33mdiv[31m[33m>[31m
[31m[1m>[22m[31m[90m 927 |[31m         [33m<[31m[33m/[31m[33mReportPage[31m[33m>[31m
 [90m     |[31m         [31m[1m^[22m[31m
 [90m 928 |[31m
 [90m 929 |[31m         [33m<[31m[33mReportPage[31m pageNumber[33m=[31m{[35m2[31m} totalPages[33m=[31m{[35m3[31m} projectName[33m=[31m{currentProjectName}[33m>[31m
 [90m 930 |[31m           [33m<[31m[33mdiv[31m style[33m=[31m{{ display[33m:[31m [32m'flex'[31m[33m,[31m flexDirection[33m:[31m [32m'column'[31m[33m,[31m gap[33m:[31m [32m'18px'[31m }}[33m>[31m[0m[39m
  Plugin: [35mvite:react-babel[39m
  File: [36mD:/Code/nbins/packages/web/src/pages/Reports.tsx[39m:927:8
[33m  941|                <div style={{ minHeight: '270px' }}>
  942|                  {disciplineQualityData.length > 0 ? (
  943|                    <ResponsiveContainer width="100%" height="100%">
     |                                        ^
  944|                      <BarChart data={disciplineQualityData} margin={{ top: 10, right: 10, left: -20, bottom: 0 }}>
  945|                        <CartesianGrid strokeDasharray="3 3" vertical={false} stroke="#e2e8f0" />[39m
      at constructor (D:\Code\nbins\node_modules\.pnpm\@babel+parser@7.29.2\node_modules\@babel\parser\lib\index.js:365:19)
      at TypeScriptParserMixin.raise (D:\Code\nbins\node_modules\.pnpm\@babel+parser@7.29.2\node_modules\@babel\parser\lib\index.js:6599:19)
      at TypeScriptParserMixin.jsxParseElementAt (D:\Code\nbins\node_modules\.pnpm\@babel+parser@7.29.2\node_modules\@babel\parser\lib\index.js:4727:16)
      at TypeScriptParserMixin.jsxParseElementAt (D:\Code\nbins\node_modules\.pnpm\@babel+parser@7.29.2\node_modules\@babel\parser\lib\index.js:4698:32)
      at TypeScriptParserMixin.jsxParseElementAt (D:\Code\nbins\node_modules\.pnpm\@babel+parser@7.29.2\node_modules\@babel\parser\lib\index.js:4698:32)
      at TypeScriptParserMixin.jsxParseElementAt (D:\Code\nbins\node_modules\.pnpm\@babel+parser@7.29.2\node_modules\@babel\parser\lib\index.js:4698:32)
      at TypeScriptParserMixin.jsxParseElement (D:\Code\nbins\node_modules\.pnpm\@babel+parser@7.29.2\node_modules\@babel\parser\lib\index.js:4749:17)
      at TypeScriptParserMixin.parseExprAtom (D:\Code\nbins\node_modules\.pnpm\@babel+parser@7.29.2\node_modules\@babel\parser\lib\index.js:4759:19)
      at TypeScriptParserMixin.parseExprSubscripts (D:\Code\nbins\node_modules\.pnpm\@babel+parser@7.29.2\node_modules\@babel\parser\lib\index.js:11081:23)
      at TypeScriptParserMixin.parseUpdate (D:\Code\nbins\node_modules\.pnpm\@babel+parser@7.29.2\node_modules\@babel\parser\lib\index.js:11066:21)
      at TypeScriptParserMixin.parseMaybeUnary (D:\Code\nbins\node_modules\.pnpm\@babel+parser@7.29.2\node_modules\@babel\parser\lib\index.js:11046:23)
      at TypeScriptParserMixin.parseMaybeUnary (D:\Code\nbins\node_modules\.pnpm\@babel+parser@7.29.2\node_modules\@babel\parser\lib\index.js:9837:18)
      at TypeScriptParserMixin.parseMaybeUnaryOrPrivate (D:\Code\nbins\node_modules\.pnpm\@babel+parser@7.29.2\node_modules\@babel\parser\lib\index.js:10899:61)
      at TypeScriptParserMixin.parseExprOps (D:\Code\nbins\node_modules\.pnpm\@babel+parser@7.29.2\node_modules\@babel\parser\lib\index.js:10904:23)
      at TypeScriptParserMixin.parseMaybeConditional (D:\Code\nbins\node_modules\.pnpm\@babel+parser@7.29.2\node_modules\@babel\parser\lib\index.js:10881:23)
      at TypeScriptParserMixin.parseMaybeAssign (D:\Code\nbins\node_modules\.pnpm\@babel+parser@7.29.2\node_modules\@babel\parser\lib\index.js:10831:21)
      at D:\Code\nbins\node_modules\.pnpm\@babel+parser@7.29.2\node_modules\@babel\parser\lib\index.js:9775:39
      at TypeScriptParserMixin.tryParse (D:\Code\nbins\node_modules\.pnpm\@babel+parser@7.29.2\node_modules\@babel\parser\lib\index.js:6907:20)
      at TypeScriptParserMixin.parseMaybeAssign (D:\Code\nbins\node_modules\.pnpm\@babel+parser@7.29.2\node_modules\@babel\parser\lib\index.js:9775:18)
      at D:\Code\nbins\node_modules\.pnpm\@babel+parser@7.29.2\node_modules\@babel\parser\lib\index.js:10800:39
      at TypeScriptParserMixin.allowInAnd (D:\Code\nbins\node_modules\.pnpm\@babel+parser@7.29.2\node_modules\@babel\parser\lib\index.js:12426:12)
      at TypeScriptParserMixin.parseMaybeAssignAllowIn (D:\Code\nbins\node_modules\.pnpm\@babel+parser@7.29.2\node_modules\@babel\parser\lib\index.js:10800:17)
      at TypeScriptParserMixin.parseMaybeAssignAllowInOrVoidPattern (D:\Code\nbins\node_modules\.pnpm\@babel+parser@7.29.2\node_modules\@babel\parser\lib\index.js:12493:17)
      at TypeScriptParserMixin.parseParenAndDistinguishExpression (D:\Code\nbins\node_modules\.pnpm\@babel+parser@7.29.2\node_modules\@babel\parser\lib\index.js:11675:28)
      at TypeScriptParserMixin.parseExprAtom (D:\Code\nbins\node_modules\.pnpm\@babel+parser@7.29.2\node_modules\@babel\parser\lib\index.js:11331:23)
      at TypeScriptParserMixin.parseExprAtom (D:\Code\nbins\node_modules\.pnpm\@babel+parser@7.29.2\node_modules\@babel\parser\lib\index.js:4764:20)
      at TypeScriptParserMixin.parseExprSubscripts (D:\Code\nbins\node_modules\.pnpm\@babel+parser@7.29.2\node_modules\@babel\parser\lib\index.js:11081:23)
      at TypeScriptParserMixin.parseUpdate (D:\Code\nbins\node_modules\.pnpm\@babel+parser@7.29.2\node_modules\@babel\parser\lib\index.js:11066:21)
      at TypeScriptParserMixin.parseMaybeUnary (D:\Code\nbins\node_modules\.pnpm\@babel+parser@7.29.2\node_modules\@babel\parser\lib\index.js:11046:23)
      at TypeScriptParserMixin.parseMaybeUnary (D:\Code\nbins\node_modules\.pnpm\@babel+parser@7.29.2\node_modules\@babel\parser\lib\index.js:9837:18)
      at TypeScriptParserMixin.parseMaybeUnaryOrPrivate (D:\Code\nbins\node_modules\.pnpm\@babel+parser@7.29.2\node_modules\@babel\parser\lib\index.js:10899:61)
      at TypeScriptParserMixin.parseExprOps (D:\Code\nbins\node_modules\.pnpm\@babel+parser@7.29.2\node_modules\@babel\parser\lib\index.js:10904:23)
      at TypeScriptParserMixin.parseMaybeConditional (D:\Code\nbins\node_modules\.pnpm\@babel+parser@7.29.2\node_modules\@babel\parser\lib\index.js:10881:23)
      at TypeScriptParserMixin.parseMaybeAssign (D:\Code\nbins\node_modules\.pnpm\@babel+parser@7.29.2\node_modules\@babel\parser\lib\index.js:10831:21)
      at TypeScriptParserMixin.parseMaybeAssign (D:\Code\nbins\node_modules\.pnpm\@babel+parser@7.29.2\node_modules\@babel\parser\lib\index.js:9786:20)
      at TypeScriptParserMixin.parseExpressionBase (D:\Code\nbins\node_modules\.pnpm\@babel+parser@7.29.2\node_modules\@babel\parser\lib\index.js:10784:23)
      at D:\Code\nbins\node_modules\.pnpm\@babel+parser@7.29.2\node_modules\@babel\parser\lib\index.js:10780:39
      at TypeScriptParserMixin.allowInAnd (D:\Code\nbins\node_modules\.pnpm\@babel+parser@7.29.2\node_modules\@babel\parser\lib\index.js:12421:16)
      at TypeScriptParserMixin.parseExpression (D:\Code\nbins\node_modules\.pnpm\@babel+parser@7.29.2\node_modules\@babel\parser\lib\index.js:10780:17)
      at TypeScriptParserMixin.parseReturnStatement (D:\Code\nbins\node_modules\.pnpm\@babel+parser@7.29.2\node_modules\@babel\parser\lib\index.js:13142:28)
      at TypeScriptParserMixin.parseStatementContent (D:\Code\nbins\node_modules\.pnpm\@babel+parser@7.29.2\node_modules\@babel\parser\lib\index.js:12798:21)
      at TypeScriptParserMixin.parseStatementContent (D:\Code\nbins\node_modules\.pnpm\@babel+parser@7.29.2\node_modules\@babel\parser\lib\index.js:9508:18)
      at TypeScriptParserMixin.parseStatementLike (D:\Code\nbins\node_modules\.pnpm\@babel+parser@7.29.2\node_modules\@babel\parser\lib\index.js:12767:17)
      at TypeScriptParserMixin.parseStatementListItem (D:\Code\nbins\node_modules\.pnpm\@babel+parser@7.29.2\node_modules\@babel\parser\lib\index.js:12747:17)
      at TypeScriptParserMixin.parseBlockOrModuleBlockBody (D:\Code\nbins\node_modules\.pnpm\@babel+parser@7.29.2\node_modules\@babel\parser\lib\index.js:13316:61)
      at TypeScriptParserMixin.parseBlockBody (D:\Code\nbins\node_modules\.pnpm\@babel+parser@7.29.2\node_modules\@babel\parser\lib\index.js:13309:10)
      at TypeScriptParserMixin.parseBlock (D:\Code\nbins\node_modules\.pnpm\@babel+parser@7.29.2\node_modules\@babel\parser\lib\index.js:13297:10)
      at TypeScriptParserMixin.parseFunctionBody (D:\Code\nbins\node_modules\.pnpm\@babel+parser@7.29.2\node_modules\@babel\parser\lib\index.js:12100:24)
      at TypeScriptParserMixin.parseFunctionBodyAndFinish (D:\Code\nbins\node_modules\.pnpm\@babel+parser@7.29.2\node_modules\@babel\parser\lib\index.js:12086:10)
      at TypeScriptParserMixin.parseFunctionBodyAndFinish (D:\Code\nbins\node_modules\.pnpm\@babel+parser@7.29.2\node_modules\@babel\parser\lib\index.js:9172:18)
[2m22:08:59[22m [31m[1m[vite][22m[39m [31mInternal server error: D:\Code\nbins\packages\web\src\pages\Reports.tsx: Expected corresponding JSX closing tag for <div>. (926:8)

[0m [90m 924 |[31m             [33m<[31m[33m/[31m[33mdiv[31m[33m>[31m
 [90m 925 |[31m           [33m<[31m[33m/[31m[33mdiv[31m[33m>[31m
[31m[1m>[22m[31m[90m 926 |[31m         [33m<[31m[33m/[31m[33mReportPage[31m[33m>[31m
 [90m     |[31m         [31m[1m^[22m[31m
 [90m 927 |[31m
 [90m 928 |[31m         [33m<[31m[33mReportPage[31m pageNumber[33m=[31m{[35m2[31m} totalPages[33m=[31m{[35m3[31m} projectName[33m=[31m{currentProjectName}[33m>[31m
 [90m 929 |[31m           [33m<[31m[33mdiv[31m style[33m=[31m{{ display[33m:[31m [32m'flex'[31m[33m,[31m flexDirection[33m:[31m [32m'column'[31m[33m,[31m gap[33m:[31m [32m'18px'[31m }}[33m>[31m[0m[39m
  Plugin: [35mvite:react-babel[39m
  File: [36mD:/Code/nbins/packages/web/src/pages/Reports.tsx[39m:926:8
[33m  940|                <div style={{ minHeight: '270px' }}>
  941|                  {disciplineQualityData.length > 0 ? (
  942|                    <ResponsiveContainer width="100%" height="100%">
     |                                       ^
  943|                      <BarChart data={disciplineQualityData} margin={{ top: 10, right: 10, left: -20, bottom: 0 }}>
  944|                        <CartesianGrid strokeDasharray="3 3" vertical={false} stroke="#e2e8f0" />[39m
      at constructor (D:\Code\nbins\node_modules\.pnpm\@babel+parser@7.29.2\node_modules\@babel\parser\lib\index.js:365:19)
      at TypeScriptParserMixin.raise (D:\Code\nbins\node_modules\.pnpm\@babel+parser@7.29.2\node_modules\@babel\parser\lib\index.js:6599:19)
      at TypeScriptParserMixin.jsxParseElementAt (D:\Code\nbins\node_modules\.pnpm\@babel+parser@7.29.2\node_modules\@babel\parser\lib\index.js:4727:16)
      at TypeScriptParserMixin.jsxParseElementAt (D:\Code\nbins\node_modules\.pnpm\@babel+parser@7.29.2\node_modules\@babel\parser\lib\index.js:4698:32)
      at TypeScriptParserMixin.jsxParseElementAt (D:\Code\nbins\node_modules\.pnpm\@babel+parser@7.29.2\node_modules\@babel\parser\lib\index.js:4698:32)
      at TypeScriptParserMixin.jsxParseElementAt (D:\Code\nbins\node_modules\.pnpm\@babel+parser@7.29.2\node_modules\@babel\parser\lib\index.js:4698:32)
      at TypeScriptParserMixin.jsxParseElementAt (D:\Code\nbins\node_modules\.pnpm\@babel+parser@7.29.2\node_modules\@babel\parser\lib\index.js:4698:32)
      at TypeScriptParserMixin.jsxParseElement (D:\Code\nbins\node_modules\.pnpm\@babel+parser@7.29.2\node_modules\@babel\parser\lib\index.js:4749:17)
      at TypeScriptParserMixin.parseExprAtom (D:\Code\nbins\node_modules\.pnpm\@babel+parser@7.29.2\node_modules\@babel\parser\lib\index.js:4759:19)
      at TypeScriptParserMixin.parseExprSubscripts (D:\Code\nbins\node_modules\.pnpm\@babel+parser@7.29.2\node_modules\@babel\parser\lib\index.js:11081:23)
      at TypeScriptParserMixin.parseUpdate (D:\Code\nbins\node_modules\.pnpm\@babel+parser@7.29.2\node_modules\@babel\parser\lib\index.js:11066:21)
      at TypeScriptParserMixin.parseMaybeUnary (D:\Code\nbins\node_modules\.pnpm\@babel+parser@7.29.2\node_modules\@babel\parser\lib\index.js:11046:23)
      at TypeScriptParserMixin.parseMaybeUnary (D:\Code\nbins\node_modules\.pnpm\@babel+parser@7.29.2\node_modules\@babel\parser\lib\index.js:9837:18)
      at TypeScriptParserMixin.parseMaybeUnaryOrPrivate (D:\Code\nbins\node_modules\.pnpm\@babel+parser@7.29.2\node_modules\@babel\parser\lib\index.js:10899:61)
      at TypeScriptParserMixin.parseExprOps (D:\Code\nbins\node_modules\.pnpm\@babel+parser@7.29.2\node_modules\@babel\parser\lib\index.js:10904:23)
      at TypeScriptParserMixin.parseMaybeConditional (D:\Code\nbins\node_modules\.pnpm\@babel+parser@7.29.2\node_modules\@babel\parser\lib\index.js:10881:23)
      at TypeScriptParserMixin.parseMaybeAssign (D:\Code\nbins\node_modules\.pnpm\@babel+parser@7.29.2\node_modules\@babel\parser\lib\index.js:10831:21)
      at D:\Code\nbins\node_modules\.pnpm\@babel+parser@7.29.2\node_modules\@babel\parser\lib\index.js:9775:39
      at TypeScriptParserMixin.tryParse (D:\Code\nbins\node_modules\.pnpm\@babel+parser@7.29.2\node_modules\@babel\parser\lib\index.js:6907:20)
      at TypeScriptParserMixin.parseMaybeAssign (D:\Code\nbins\node_modules\.pnpm\@babel+parser@7.29.2\node_modules\@babel\parser\lib\index.js:9775:18)
      at D:\Code\nbins\node_modules\.pnpm\@babel+parser@7.29.2\node_modules\@babel\parser\lib\index.js:10800:39
      at TypeScriptParserMixin.allowInAnd (D:\Code\nbins\node_modules\.pnpm\@babel+parser@7.29.2\node_modules\@babel\parser\lib\index.js:12426:12)
      at TypeScriptParserMixin.parseMaybeAssignAllowIn (D:\Code\nbins\node_modules\.pnpm\@babel+parser@7.29.2\node_modules\@babel\parser\lib\index.js:10800:17)
      at TypeScriptParserMixin.parseMaybeAssignAllowInOrVoidPattern (D:\Code\nbins\node_modules\.pnpm\@babel+parser@7.29.2\node_modules\@babel\parser\lib\index.js:12493:17)
      at TypeScriptParserMixin.parseParenAndDistinguishExpression (D:\Code\nbins\node_modules\.pnpm\@babel+parser@7.29.2\node_modules\@babel\parser\lib\index.js:11675:28)
      at TypeScriptParserMixin.parseExprAtom (D:\Code\nbins\node_modules\.pnpm\@babel+parser@7.29.2\node_modules\@babel\parser\lib\index.js:11331:23)
      at TypeScriptParserMixin.parseExprAtom (D:\Code\nbins\node_modules\.pnpm\@babel+parser@7.29.2\node_modules\@babel\parser\lib\index.js:4764:20)
      at TypeScriptParserMixin.parseExprSubscripts (D:\Code\nbins\node_modules\.pnpm\@babel+parser@7.29.2\node_modules\@babel\parser\lib\index.js:11081:23)
      at TypeScriptParserMixin.parseUpdate (D:\Code\nbins\node_modules\.pnpm\@babel+parser@7.29.2\node_modules\@babel\parser\lib\index.js:11066:21)
      at TypeScriptParserMixin.parseMaybeUnary (D:\Code\nbins\node_modules\.pnpm\@babel+parser@7.29.2\node_modules\@babel\parser\lib\index.js:11046:23)
      at TypeScriptParserMixin.parseMaybeUnary (D:\Code\nbins\node_modules\.pnpm\@babel+parser@7.29.2\node_modules\@babel\parser\lib\index.js:9837:18)
      at TypeScriptParserMixin.parseMaybeUnaryOrPrivate (D:\Code\nbins\node_modules\.pnpm\@babel+parser@7.29.2\node_modules\@babel\parser\lib\index.js:10899:61)
      at TypeScriptParserMixin.parseExprOps (D:\Code\nbins\node_modules\.pnpm\@babel+parser@7.29.2\node_modules\@babel\parser\lib\index.js:10904:23)
      at TypeScriptParserMixin.parseMaybeConditional (D:\Code\nbins\node_modules\.pnpm\@babel+parser@7.29.2\node_modules\@babel\parser\lib\index.js:10881:23)
      at TypeScriptParserMixin.parseMaybeAssign (D:\Code\nbins\node_modules\.pnpm\@babel+parser@7.29.2\node_modules\@babel\parser\lib\index.js:10831:21)
      at TypeScriptParserMixin.parseMaybeAssign (D:\Code\nbins\node_modules\.pnpm\@babel+parser@7.29.2\node_modules\@babel\parser\lib\index.js:9786:20)
      at TypeScriptParserMixin.parseExpressionBase (D:\Code\nbins\node_modules\.pnpm\@babel+parser@7.29.2\node_modules\@babel\parser\lib\index.js:10784:23)
      at D:\Code\nbins\node_modules\.pnpm\@babel+parser@7.29.2\node_modules\@babel\parser\lib\index.js:10780:39
      at TypeScriptParserMixin.allowInAnd (D:\Code\nbins\node_modules\.pnpm\@babel+parser@7.29.2\node_modules\@babel\parser\lib\index.js:12421:16)
      at TypeScriptParserMixin.parseExpression (D:\Code\nbins\node_modules\.pnpm\@babel+parser@7.29.2\node_modules\@babel\parser\lib\index.js:10780:17)
      at TypeScriptParserMixin.parseReturnStatement (D:\Code\nbins\node_modules\.pnpm\@babel+parser@7.29.2\node_modules\@babel\parser\lib\index.js:13142:28)
      at TypeScriptParserMixin.parseStatementContent (D:\Code\nbins\node_modules\.pnpm\@babel+parser@7.29.2\node_modules\@babel\parser\lib\index.js:12798:21)
      at TypeScriptParserMixin.parseStatementContent (D:\Code\nbins\node_modules\.pnpm\@babel+parser@7.29.2\node_modules\@babel\parser\lib\index.js:9508:18)
      at TypeScriptParserMixin.parseStatementLike (D:\Code\nbins\node_modules\.pnpm\@babel+parser@7.29.2\node_modules\@babel\parser\lib\index.js:12767:17)
      at TypeScriptParserMixin.parseStatementListItem (D:\Code\nbins\node_modules\.pnpm\@babel+parser@7.29.2\node_modules\@babel\parser\lib\index.js:12747:17)
      at TypeScriptParserMixin.parseBlockOrModuleBlockBody (D:\Code\nbins\node_modules\.pnpm\@babel+parser@7.29.2\node_modules\@babel\parser\lib\index.js:13316:61)
      at TypeScriptParserMixin.parseBlockBody (D:\Code\nbins\node_modules\.pnpm\@babel+parser@7.29.2\node_modules\@babel\parser\lib\index.js:13309:10)
      at TypeScriptParserMixin.parseBlock (D:\Code\nbins\node_modules\.pnpm\@babel+parser@7.29.2\node_modules\@babel\parser\lib\index.js:13297:10)
      at TypeScriptParserMixin.parseFunctionBody (D:\Code\nbins\node_modules\.pnpm\@babel+parser@7.29.2\node_modules\@babel\parser\lib\index.js:12100:24)
      at TypeScriptParserMixin.parseFunctionBodyAndFinish (D:\Code\nbins\node_modules\.pnpm\@babel+parser@7.29.2\node_modules\@babel\parser\lib\index.js:12086:10)
[2m22:09:07[22m [31m[1m[vite][22m[39m [31mInternal server error: D:\Code\nbins\packages\web\src\pages\Reports.tsx: Expected corresponding JSX closing tag for <ReportPage>. (1054:10)

[0m [90m 1052 |[31m
 [90m 1053 |[31m             [33m<[31m[33m/[31m[33mdiv[31m[33m>[31m
[31m[1m>[22m[31m[90m 1054 |[31m           [33m<[31m[33m/[31m[33mdiv[31m[33m>[31m
 [90m      |[31m           [31m[1m^[22m[31m
 [90m 1055 |[31m         [33m<[31m[33m/[31m[33mReportPage[31m[33m>[31m
 [90m 1056 |[31m
 [90m 1057 |[31m         [33m<[31m[33mReportPage[31m pageNumber[33m=[31m{[35m3[31m} totalPages[33m=[31m{[35m3[31m} projectName[33m=[31m{currentProjectName} isFlexible[33m>[31m[0m[39m
  Plugin: [35mvite:react-babel[39m
  File: [36mD:/Code/nbins/packages/web/src/pages/Reports.tsx[39m:1054:10
[33m  1078|                  Discipline Inspection Result and Comment Summary
  1079|                </div>
  1080|                <table style={{ width: '100%', borderCollapse: 'collapse' }}>
     |     ^
  1081|                  <thead>
  1082|                    <tr style={{ background: '#f1f5f9' }}>[39m
      at constructor (D:\Code\nbins\node_modules\.pnpm\@babel+parser@7.29.2\node_modules\@babel\parser\lib\index.js:365:19)
      at TypeScriptParserMixin.raise (D:\Code\nbins\node_modules\.pnpm\@babel+parser@7.29.2\node_modules\@babel\parser\lib\index.js:6599:19)
      at TypeScriptParserMixin.jsxParseElementAt (D:\Code\nbins\node_modules\.pnpm\@babel+parser@7.29.2\node_modules\@babel\parser\lib\index.js:4727:16)
      at TypeScriptParserMixin.jsxParseElementAt (D:\Code\nbins\node_modules\.pnpm\@babel+parser@7.29.2\node_modules\@babel\parser\lib\index.js:4698:32)
      at TypeScriptParserMixin.jsxParseElementAt (D:\Code\nbins\node_modules\.pnpm\@babel+parser@7.29.2\node_modules\@babel\parser\lib\index.js:4698:32)
      at TypeScriptParserMixin.jsxParseElement (D:\Code\nbins\node_modules\.pnpm\@babel+parser@7.29.2\node_modules\@babel\parser\lib\index.js:4749:17)
      at TypeScriptParserMixin.parseExprAtom (D:\Code\nbins\node_modules\.pnpm\@babel+parser@7.29.2\node_modules\@babel\parser\lib\index.js:4759:19)
      at TypeScriptParserMixin.parseExprSubscripts (D:\Code\nbins\node_modules\.pnpm\@babel+parser@7.29.2\node_modules\@babel\parser\lib\index.js:11081:23)
      at TypeScriptParserMixin.parseUpdate (D:\Code\nbins\node_modules\.pnpm\@babel+parser@7.29.2\node_modules\@babel\parser\lib\index.js:11066:21)
      at TypeScriptParserMixin.parseMaybeUnary (D:\Code\nbins\node_modules\.pnpm\@babel+parser@7.29.2\node_modules\@babel\parser\lib\index.js:11046:23)
      at TypeScriptParserMixin.parseMaybeUnary (D:\Code\nbins\node_modules\.pnpm\@babel+parser@7.29.2\node_modules\@babel\parser\lib\index.js:9837:18)
      at TypeScriptParserMixin.parseMaybeUnaryOrPrivate (D:\Code\nbins\node_modules\.pnpm\@babel+parser@7.29.2\node_modules\@babel\parser\lib\index.js:10899:61)
      at TypeScriptParserMixin.parseExprOps (D:\Code\nbins\node_modules\.pnpm\@babel+parser@7.29.2\node_modules\@babel\parser\lib\index.js:10904:23)
      at TypeScriptParserMixin.parseMaybeConditional (D:\Code\nbins\node_modules\.pnpm\@babel+parser@7.29.2\node_modules\@babel\parser\lib\index.js:10881:23)
      at TypeScriptParserMixin.parseMaybeAssign (D:\Code\nbins\node_modules\.pnpm\@babel+parser@7.29.2\node_modules\@babel\parser\lib\index.js:10831:21)
      at D:\Code\nbins\node_modules\.pnpm\@babel+parser@7.29.2\node_modules\@babel\parser\lib\index.js:9775:39
      at TypeScriptParserMixin.tryParse (D:\Code\nbins\node_modules\.pnpm\@babel+parser@7.29.2\node_modules\@babel\parser\lib\index.js:6907:20)
      at TypeScriptParserMixin.parseMaybeAssign (D:\Code\nbins\node_modules\.pnpm\@babel+parser@7.29.2\node_modules\@babel\parser\lib\index.js:9775:18)
      at D:\Code\nbins\node_modules\.pnpm\@babel+parser@7.29.2\node_modules\@babel\parser\lib\index.js:10800:39
      at TypeScriptParserMixin.allowInAnd (D:\Code\nbins\node_modules\.pnpm\@babel+parser@7.29.2\node_modules\@babel\parser\lib\index.js:12426:12)
      at TypeScriptParserMixin.parseMaybeAssignAllowIn (D:\Code\nbins\node_modules\.pnpm\@babel+parser@7.29.2\node_modules\@babel\parser\lib\index.js:10800:17)
      at TypeScriptParserMixin.parseMaybeAssignAllowInOrVoidPattern (D:\Code\nbins\node_modules\.pnpm\@babel+parser@7.29.2\node_modules\@babel\parser\lib\index.js:12493:17)
      at TypeScriptParserMixin.parseParenAndDistinguishExpression (D:\Code\nbins\node_modules\.pnpm\@babel+parser@7.29.2\node_modules\@babel\parser\lib\index.js:11675:28)
      at TypeScriptParserMixin.parseExprAtom (D:\Code\nbins\node_modules\.pnpm\@babel+parser@7.29.2\node_modules\@babel\parser\lib\index.js:11331:23)
      at TypeScriptParserMixin.parseExprAtom (D:\Code\nbins\node_modules\.pnpm\@babel+parser@7.29.2\node_modules\@babel\parser\lib\index.js:4764:20)
      at TypeScriptParserMixin.parseExprSubscripts (D:\Code\nbins\node_modules\.pnpm\@babel+parser@7.29.2\node_modules\@babel\parser\lib\index.js:11081:23)
      at TypeScriptParserMixin.parseUpdate (D:\Code\nbins\node_modules\.pnpm\@babel+parser@7.29.2\node_modules\@babel\parser\lib\index.js:11066:21)
      at TypeScriptParserMixin.parseMaybeUnary (D:\Code\nbins\node_modules\.pnpm\@babel+parser@7.29.2\node_modules\@babel\parser\lib\index.js:11046:23)
      at TypeScriptParserMixin.parseMaybeUnary (D:\Code\nbins\node_modules\.pnpm\@babel+parser@7.29.2\node_modules\@babel\parser\lib\index.js:9837:18)
      at TypeScriptParserMixin.parseMaybeUnaryOrPrivate (D:\Code\nbins\node_modules\.pnpm\@babel+parser@7.29.2\node_modules\@babel\parser\lib\index.js:10899:61)
      at TypeScriptParserMixin.parseExprOps (D:\Code\nbins\node_modules\.pnpm\@babel+parser@7.29.2\node_modules\@babel\parser\lib\index.js:10904:23)
      at TypeScriptParserMixin.parseMaybeConditional (D:\Code\nbins\node_modules\.pnpm\@babel+parser@7.29.2\node_modules\@babel\parser\lib\index.js:10881:23)
      at TypeScriptParserMixin.parseMaybeAssign (D:\Code\nbins\node_modules\.pnpm\@babel+parser@7.29.2\node_modules\@babel\parser\lib\index.js:10831:21)
      at TypeScriptParserMixin.parseMaybeAssign (D:\Code\nbins\node_modules\.pnpm\@babel+parser@7.29.2\node_modules\@babel\parser\lib\index.js:9786:20)
      at TypeScriptParserMixin.parseExpressionBase (D:\Code\nbins\node_modules\.pnpm\@babel+parser@7.29.2\node_modules\@babel\parser\lib\index.js:10784:23)
      at D:\Code\nbins\node_modules\.pnpm\@babel+parser@7.29.2\node_modules\@babel\parser\lib\index.js:10780:39
      at TypeScriptParserMixin.allowInAnd (D:\Code\nbins\node_modules\.pnpm\@babel+parser@7.29.2\node_modules\@babel\parser\lib\index.js:12421:16)
      at TypeScriptParserMixin.parseExpression (D:\Code\nbins\node_modules\.pnpm\@babel+parser@7.29.2\node_modules\@babel\parser\lib\index.js:10780:17)
      at TypeScriptParserMixin.parseReturnStatement (D:\Code\nbins\node_modules\.pnpm\@babel+parser@7.29.2\node_modules\@babel\parser\lib\index.js:13142:28)
      at TypeScriptParserMixin.parseStatementContent (D:\Code\nbins\node_modules\.pnpm\@babel+parser@7.29.2\node_modules\@babel\parser\lib\index.js:12798:21)
      at TypeScriptParserMixin.parseStatementContent (D:\Code\nbins\node_modules\.pnpm\@babel+parser@7.29.2\node_modules\@babel\parser\lib\index.js:9508:18)
      at TypeScriptParserMixin.parseStatementLike (D:\Code\nbins\node_modules\.pnpm\@babel+parser@7.29.2\node_modules\@babel\parser\lib\index.js:12767:17)
      at TypeScriptParserMixin.parseStatementListItem (D:\Code\nbins\node_modules\.pnpm\@babel+parser@7.29.2\node_modules\@babel\parser\lib\index.js:12747:17)
      at TypeScriptParserMixin.parseBlockOrModuleBlockBody (D:\Code\nbins\node_modules\.pnpm\@babel+parser@7.29.2\node_modules\@babel\parser\lib\index.js:13316:61)
      at TypeScriptParserMixin.parseBlockBody (D:\Code\nbins\node_modules\.pnpm\@babel+parser@7.29.2\node_modules\@babel\parser\lib\index.js:13309:10)
      at TypeScriptParserMixin.parseBlock (D:\Code\nbins\node_modules\.pnpm\@babel+parser@7.29.2\node_modules\@babel\parser\lib\index.js:13297:10)
      at TypeScriptParserMixin.parseFunctionBody (D:\Code\nbins\node_modules\.pnpm\@babel+parser@7.29.2\node_modules\@babel\parser\lib\index.js:12100:24)
      at TypeScriptParserMixin.parseFunctionBodyAndFinish (D:\Code\nbins\node_modules\.pnpm\@babel+parser@7.29.2\node_modules\@babel\parser\lib\index.js:12086:10)
      at TypeScriptParserMixin.parseFunctionBodyAndFinish (D:\Code\nbins\node_modules\.pnpm\@babel+parser@7.29.2\node_modules\@babel\parser\lib\index.js:9172:18)
      at D:\Code\nbins\node_modules\.pnpm\@babel+parser@7.29.2\node_modules\@babel\parser\lib\index.js:13445:12
[2m22:09:26[22m [31m[1m[vite][22m[39m [31mInternal server error: D:\Code\nbins\packages\web\src\pages\Reports.tsx: Expected corresponding JSX closing tag for <div>. (927:8)

[0m [90m 925 |[31m               [33m<[31m[33m/[31m[33mdiv[31m[33m>[31m
 [90m 926 |[31m           [33m<[31m[33m/[31m[33mdiv[31m[33m>[31m
[31m[1m>[22m[31m[90m 927 |[31m         [33m<[31m[33m/[31m[33mReportPage[31m[33m>[31m
 [90m     |[31m         [31m[1m^[22m[31m
 [90m 928 |[31m
 [90m 929 |[31m         [33m<[31m[33mReportPage[31m pageNumber[33m=[31m{[35m2[31m} totalPages[33m=[31m{[35m3[31m} projectName[33m=[31m{currentProjectName}[33m>[31m
 [90m 930 |[31m           [33m<[31m[33mdiv[31m style[33m=[31m{{ display[33m:[31m [32m'flex'[31m[33m,[31m flexDirection[33m:[31m [32m'column'[31m[33m,[31m gap[33m:[31m [32m'18px'[31m }}[33m>[31m[0m[39m
  Plugin: [35mvite:react-babel[39m
  File: [36mD:/Code/nbins/packages/web/src/pages/Reports.tsx[39m:927:8
[33m  941|                <div style={{ minHeight: '270px' }}>
  942|                  {disciplineQualityData.length > 0 ? (
  943|                    <ResponsiveContainer width="100%" height="100%">
     |                                        ^
  944|                      <BarChart data={disciplineQualityData} margin={{ top: 10, right: 10, left: -20, bottom: 0 }}>
  945|                        <CartesianGrid strokeDasharray="3 3" vertical={false} stroke="#e2e8f0" />[39m
      at constructor (D:\Code\nbins\node_modules\.pnpm\@babel+parser@7.29.2\node_modules\@babel\parser\lib\index.js:365:19)
      at TypeScriptParserMixin.raise (D:\Code\nbins\node_modules\.pnpm\@babel+parser@7.29.2\node_modules\@babel\parser\lib\index.js:6599:19)
      at TypeScriptParserMixin.jsxParseElementAt (D:\Code\nbins\node_modules\.pnpm\@babel+parser@7.29.2\node_modules\@babel\parser\lib\index.js:4727:16)
      at TypeScriptParserMixin.jsxParseElementAt (D:\Code\nbins\node_modules\.pnpm\@babel+parser@7.29.2\node_modules\@babel\parser\lib\index.js:4698:32)
      at TypeScriptParserMixin.jsxParseElementAt (D:\Code\nbins\node_modules\.pnpm\@babel+parser@7.29.2\node_modules\@babel\parser\lib\index.js:4698:32)
      at TypeScriptParserMixin.jsxParseElementAt (D:\Code\nbins\node_modules\.pnpm\@babel+parser@7.29.2\node_modules\@babel\parser\lib\index.js:4698:32)
      at TypeScriptParserMixin.jsxParseElement (D:\Code\nbins\node_modules\.pnpm\@babel+parser@7.29.2\node_modules\@babel\parser\lib\index.js:4749:17)
      at TypeScriptParserMixin.parseExprAtom (D:\Code\nbins\node_modules\.pnpm\@babel+parser@7.29.2\node_modules\@babel\parser\lib\index.js:4759:19)
      at TypeScriptParserMixin.parseExprSubscripts (D:\Code\nbins\node_modules\.pnpm\@babel+parser@7.29.2\node_modules\@babel\parser\lib\index.js:11081:23)
      at TypeScriptParserMixin.parseUpdate (D:\Code\nbins\node_modules\.pnpm\@babel+parser@7.29.2\node_modules\@babel\parser\lib\index.js:11066:21)
      at TypeScriptParserMixin.parseMaybeUnary (D:\Code\nbins\node_modules\.pnpm\@babel+parser@7.29.2\node_modules\@babel\parser\lib\index.js:11046:23)
      at TypeScriptParserMixin.parseMaybeUnary (D:\Code\nbins\node_modules\.pnpm\@babel+parser@7.29.2\node_modules\@babel\parser\lib\index.js:9837:18)
      at TypeScriptParserMixin.parseMaybeUnaryOrPrivate (D:\Code\nbins\node_modules\.pnpm\@babel+parser@7.29.2\node_modules\@babel\parser\lib\index.js:10899:61)
      at TypeScriptParserMixin.parseExprOps (D:\Code\nbins\node_modules\.pnpm\@babel+parser@7.29.2\node_modules\@babel\parser\lib\index.js:10904:23)
      at TypeScriptParserMixin.parseMaybeConditional (D:\Code\nbins\node_modules\.pnpm\@babel+parser@7.29.2\node_modules\@babel\parser\lib\index.js:10881:23)
      at TypeScriptParserMixin.parseMaybeAssign (D:\Code\nbins\node_modules\.pnpm\@babel+parser@7.29.2\node_modules\@babel\parser\lib\index.js:10831:21)
      at D:\Code\nbins\node_modules\.pnpm\@babel+parser@7.29.2\node_modules\@babel\parser\lib\index.js:9775:39
      at TypeScriptParserMixin.tryParse (D:\Code\nbins\node_modules\.pnpm\@babel+parser@7.29.2\node_modules\@babel\parser\lib\index.js:6907:20)
      at TypeScriptParserMixin.parseMaybeAssign (D:\Code\nbins\node_modules\.pnpm\@babel+parser@7.29.2\node_modules\@babel\parser\lib\index.js:9775:18)
      at D:\Code\nbins\node_modules\.pnpm\@babel+parser@7.29.2\node_modules\@babel\parser\lib\index.js:10800:39
      at TypeScriptParserMixin.allowInAnd (D:\Code\nbins\node_modules\.pnpm\@babel+parser@7.29.2\node_modules\@babel\parser\lib\index.js:12426:12)
      at TypeScriptParserMixin.parseMaybeAssignAllowIn (D:\Code\nbins\node_modules\.pnpm\@babel+parser@7.29.2\node_modules\@babel\parser\lib\index.js:10800:17)
      at TypeScriptParserMixin.parseMaybeAssignAllowInOrVoidPattern (D:\Code\nbins\node_modules\.pnpm\@babel+parser@7.29.2\node_modules\@babel\parser\lib\index.js:12493:17)
      at TypeScriptParserMixin.parseParenAndDistinguishExpression (D:\Code\nbins\node_modules\.pnpm\@babel+parser@7.29.2\node_modules\@babel\parser\lib\index.js:11675:28)
      at TypeScriptParserMixin.parseExprAtom (D:\Code\nbins\node_modules\.pnpm\@babel+parser@7.29.2\node_modules\@babel\parser\lib\index.js:11331:23)
      at TypeScriptParserMixin.parseExprAtom (D:\Code\nbins\node_modules\.pnpm\@babel+parser@7.29.2\node_modules\@babel\parser\lib\index.js:4764:20)
      at TypeScriptParserMixin.parseExprSubscripts (D:\Code\nbins\node_modules\.pnpm\@babel+parser@7.29.2\node_modules\@babel\parser\lib\index.js:11081:23)
      at TypeScriptParserMixin.parseUpdate (D:\Code\nbins\node_modules\.pnpm\@babel+parser@7.29.2\node_modules\@babel\parser\lib\index.js:11066:21)
      at TypeScriptParserMixin.parseMaybeUnary (D:\Code\nbins\node_modules\.pnpm\@babel+parser@7.29.2\node_modules\@babel\parser\lib\index.js:11046:23)
      at TypeScriptParserMixin.parseMaybeUnary (D:\Code\nbins\node_modules\.pnpm\@babel+parser@7.29.2\node_modules\@babel\parser\lib\index.js:9837:18)
      at TypeScriptParserMixin.parseMaybeUnaryOrPrivate (D:\Code\nbins\node_modules\.pnpm\@babel+parser@7.29.2\node_modules\@babel\parser\lib\index.js:10899:61)
      at TypeScriptParserMixin.parseExprOps (D:\Code\nbins\node_modules\.pnpm\@babel+parser@7.29.2\node_modules\@babel\parser\lib\index.js:10904:23)
      at TypeScriptParserMixin.parseMaybeConditional (D:\Code\nbins\node_modules\.pnpm\@babel+parser@7.29.2\node_modules\@babel\parser\lib\index.js:10881:23)
      at TypeScriptParserMixin.parseMaybeAssign (D:\Code\nbins\node_modules\.pnpm\@babel+parser@7.29.2\node_modules\@babel\parser\lib\index.js:10831:21)
      at TypeScriptParserMixin.parseMaybeAssign (D:\Code\nbins\node_modules\.pnpm\@babel+parser@7.29.2\node_modules\@babel\parser\lib\index.js:9786:20)
      at TypeScriptParserMixin.parseExpressionBase (D:\Code\nbins\node_modules\.pnpm\@babel+parser@7.29.2\node_modules\@babel\parser\lib\index.js:10784:23)
      at D:\Code\nbins\node_modules\.pnpm\@babel+parser@7.29.2\node_modules\@babel\parser\lib\index.js:10780:39
      at TypeScriptParserMixin.allowInAnd (D:\Code\nbins\node_modules\.pnpm\@babel+parser@7.29.2\node_modules\@babel\parser\lib\index.js:12421:16)
      at TypeScriptParserMixin.parseExpression (D:\Code\nbins\node_modules\.pnpm\@babel+parser@7.29.2\node_modules\@babel\parser\lib\index.js:10780:17)
      at TypeScriptParserMixin.parseReturnStatement (D:\Code\nbins\node_modules\.pnpm\@babel+parser@7.29.2\node_modules\@babel\parser\lib\index.js:13142:28)
      at TypeScriptParserMixin.parseStatementContent (D:\Code\nbins\node_modules\.pnpm\@babel+parser@7.29.2\node_modules\@babel\parser\lib\index.js:12798:21)
      at TypeScriptParserMixin.parseStatementContent (D:\Code\nbins\node_modules\.pnpm\@babel+parser@7.29.2\node_modules\@babel\parser\lib\index.js:9508:18)
      at TypeScriptParserMixin.parseStatementLike (D:\Code\nbins\node_modules\.pnpm\@babel+parser@7.29.2\node_modules\@babel\parser\lib\index.js:12767:17)
      at TypeScriptParserMixin.parseStatementListItem (D:\Code\nbins\node_modules\.pnpm\@babel+parser@7.29.2\node_modules\@babel\parser\lib\index.js:12747:17)
      at TypeScriptParserMixin.parseBlockOrModuleBlockBody (D:\Code\nbins\node_modules\.pnpm\@babel+parser@7.29.2\node_modules\@babel\parser\lib\index.js:13316:61)
      at TypeScriptParserMixin.parseBlockBody (D:\Code\nbins\node_modules\.pnpm\@babel+parser@7.29.2\node_modules\@babel\parser\lib\index.js:13309:10)
      at TypeScriptParserMixin.parseBlock (D:\Code\nbins\node_modules\.pnpm\@babel+parser@7.29.2\node_modules\@babel\parser\lib\index.js:13297:10)
      at TypeScriptParserMixin.parseFunctionBody (D:\Code\nbins\node_modules\.pnpm\@babel+parser@7.29.2\node_modules\@babel\parser\lib\index.js:12100:24)
      at TypeScriptParserMixin.parseFunctionBodyAndFinish (D:\Code\nbins\node_modules\.pnpm\@babel+parser@7.29.2\node_modules\@babel\parser\lib\index.js:12086:10)
      at TypeScriptParserMixin.parseFunctionBodyAndFinish (D:\Code\nbins\node_modules\.pnpm\@babel+parser@7.29.2\node_modules\@babel\parser\lib\index.js:9172:18)
[2m22:09:39[22m [31m[1m[vite][22m[39m [31mInternal server error: D:\Code\nbins\packages\web\src\pages\Reports.tsx: Expected corresponding JSX closing tag for <div>. (927:8)

[0m [90m 925 |[31m               [33m<[31m[33m/[31m[33mdiv[31m[33m>[31m
 [90m 926 |[31m           [33m<[31m[33m/[31m[33mdiv[31m[33m>[31m
[31m[1m>[22m[31m[90m 927 |[31m         [33m<[31m[33m/[31m[33mReportPage[31m[33m>[31m
 [90m     |[31m         [31m[1m^[22m[31m
 [90m 928 |[31m
 [90m 929 |[31m         [33m<[31m[33mReportPage[31m pageNumber[33m=[31m{[35m2[31m} totalPages[33m=[31m{[35m3[31m} projectName[33m=[31m{currentProjectName}[33m>[31m
 [90m 930 |[31m           [33m<[31m[33mdiv[31m style[33m=[31m{{ display[33m:[31m [32m'flex'[31m[33m,[31m flexDirection[33m:[31m [32m'column'[31m[33m,[31m gap[33m:[31m [32m'18px'[31m }}[33m>[31m[0m[39m
  Plugin: [35mvite:react-babel[39m
  File: [36mD:/Code/nbins/packages/web/src/pages/Reports.tsx[39m:927:8
[33m  941|                <div style={{ minHeight: '270px' }}>
  942|                  {disciplineQualityData.length > 0 ? (
  943|                    <ResponsiveContainer width="100%" height="100%">
     |                                        ^
  944|                      <BarChart data={disciplineQualityData} margin={{ top: 10, right: 10, left: -20, bottom: 0 }}>
  945|                        <CartesianGrid strokeDasharray="3 3" vertical={false} stroke="#e2e8f0" />[39m
      at constructor (D:\Code\nbins\node_modules\.pnpm\@babel+parser@7.29.2\node_modules\@babel\parser\lib\index.js:365:19)
      at TypeScriptParserMixin.raise (D:\Code\nbins\node_modules\.pnpm\@babel+parser@7.29.2\node_modules\@babel\parser\lib\index.js:6599:19)
      at TypeScriptParserMixin.jsxParseElementAt (D:\Code\nbins\node_modules\.pnpm\@babel+parser@7.29.2\node_modules\@babel\parser\lib\index.js:4727:16)
      at TypeScriptParserMixin.jsxParseElementAt (D:\Code\nbins\node_modules\.pnpm\@babel+parser@7.29.2\node_modules\@babel\parser\lib\index.js:4698:32)
      at TypeScriptParserMixin.jsxParseElementAt (D:\Code\nbins\node_modules\.pnpm\@babel+parser@7.29.2\node_modules\@babel\parser\lib\index.js:4698:32)
      at TypeScriptParserMixin.jsxParseElementAt (D:\Code\nbins\node_modules\.pnpm\@babel+parser@7.29.2\node_modules\@babel\parser\lib\index.js:4698:32)
      at TypeScriptParserMixin.jsxParseElement (D:\Code\nbins\node_modules\.pnpm\@babel+parser@7.29.2\node_modules\@babel\parser\lib\index.js:4749:17)
      at TypeScriptParserMixin.parseExprAtom (D:\Code\nbins\node_modules\.pnpm\@babel+parser@7.29.2\node_modules\@babel\parser\lib\index.js:4759:19)
      at TypeScriptParserMixin.parseExprSubscripts (D:\Code\nbins\node_modules\.pnpm\@babel+parser@7.29.2\node_modules\@babel\parser\lib\index.js:11081:23)
      at TypeScriptParserMixin.parseUpdate (D:\Code\nbins\node_modules\.pnpm\@babel+parser@7.29.2\node_modules\@babel\parser\lib\index.js:11066:21)
      at TypeScriptParserMixin.parseMaybeUnary (D:\Code\nbins\node_modules\.pnpm\@babel+parser@7.29.2\node_modules\@babel\parser\lib\index.js:11046:23)
      at TypeScriptParserMixin.parseMaybeUnary (D:\Code\nbins\node_modules\.pnpm\@babel+parser@7.29.2\node_modules\@babel\parser\lib\index.js:9837:18)
      at TypeScriptParserMixin.parseMaybeUnaryOrPrivate (D:\Code\nbins\node_modules\.pnpm\@babel+parser@7.29.2\node_modules\@babel\parser\lib\index.js:10899:61)
      at TypeScriptParserMixin.parseExprOps (D:\Code\nbins\node_modules\.pnpm\@babel+parser@7.29.2\node_modules\@babel\parser\lib\index.js:10904:23)
      at TypeScriptParserMixin.parseMaybeConditional (D:\Code\nbins\node_modules\.pnpm\@babel+parser@7.29.2\node_modules\@babel\parser\lib\index.js:10881:23)
      at TypeScriptParserMixin.parseMaybeAssign (D:\Code\nbins\node_modules\.pnpm\@babel+parser@7.29.2\node_modules\@babel\parser\lib\index.js:10831:21)
      at D:\Code\nbins\node_modules\.pnpm\@babel+parser@7.29.2\node_modules\@babel\parser\lib\index.js:9775:39
      at TypeScriptParserMixin.tryParse (D:\Code\nbins\node_modules\.pnpm\@babel+parser@7.29.2\node_modules\@babel\parser\lib\index.js:6907:20)
      at TypeScriptParserMixin.parseMaybeAssign (D:\Code\nbins\node_modules\.pnpm\@babel+parser@7.29.2\node_modules\@babel\parser\lib\index.js:9775:18)
      at D:\Code\nbins\node_modules\.pnpm\@babel+parser@7.29.2\node_modules\@babel\parser\lib\index.js:10800:39
      at TypeScriptParserMixin.allowInAnd (D:\Code\nbins\node_modules\.pnpm\@babel+parser@7.29.2\node_modules\@babel\parser\lib\index.js:12426:12)
      at TypeScriptParserMixin.parseMaybeAssignAllowIn (D:\Code\nbins\node_modules\.pnpm\@babel+parser@7.29.2\node_modules\@babel\parser\lib\index.js:10800:17)
      at TypeScriptParserMixin.parseMaybeAssignAllowInOrVoidPattern (D:\Code\nbins\node_modules\.pnpm\@babel+parser@7.29.2\node_modules\@babel\parser\lib\index.js:12493:17)
      at TypeScriptParserMixin.parseParenAndDistinguishExpression (D:\Code\nbins\node_modules\.pnpm\@babel+parser@7.29.2\node_modules\@babel\parser\lib\index.js:11675:28)
      at TypeScriptParserMixin.parseExprAtom (D:\Code\nbins\node_modules\.pnpm\@babel+parser@7.29.2\node_modules\@babel\parser\lib\index.js:11331:23)
      at TypeScriptParserMixin.parseExprAtom (D:\Code\nbins\node_modules\.pnpm\@babel+parser@7.29.2\node_modules\@babel\parser\lib\index.js:4764:20)
      at TypeScriptParserMixin.parseExprSubscripts (D:\Code\nbins\node_modules\.pnpm\@babel+parser@7.29.2\node_modules\@babel\parser\lib\index.js:11081:23)
      at TypeScriptParserMixin.parseUpdate (D:\Code\nbins\node_modules\.pnpm\@babel+parser@7.29.2\node_modules\@babel\parser\lib\index.js:11066:21)
      at TypeScriptParserMixin.parseMaybeUnary (D:\Code\nbins\node_modules\.pnpm\@babel+parser@7.29.2\node_modules\@babel\parser\lib\index.js:11046:23)
      at TypeScriptParserMixin.parseMaybeUnary (D:\Code\nbins\node_modules\.pnpm\@babel+parser@7.29.2\node_modules\@babel\parser\lib\index.js:9837:18)
      at TypeScriptParserMixin.parseMaybeUnaryOrPrivate (D:\Code\nbins\node_modules\.pnpm\@babel+parser@7.29.2\node_modules\@babel\parser\lib\index.js:10899:61)
      at TypeScriptParserMixin.parseExprOps (D:\Code\nbins\node_modules\.pnpm\@babel+parser@7.29.2\node_modules\@babel\parser\lib\index.js:10904:23)
      at TypeScriptParserMixin.parseMaybeConditional (D:\Code\nbins\node_modules\.pnpm\@babel+parser@7.29.2\node_modules\@babel\parser\lib\index.js:10881:23)
      at TypeScriptParserMixin.parseMaybeAssign (D:\Code\nbins\node_modules\.pnpm\@babel+parser@7.29.2\node_modules\@babel\parser\lib\index.js:10831:21)
      at TypeScriptParserMixin.parseMaybeAssign (D:\Code\nbins\node_modules\.pnpm\@babel+parser@7.29.2\node_modules\@babel\parser\lib\index.js:9786:20)
      at TypeScriptParserMixin.parseExpressionBase (D:\Code\nbins\node_modules\.pnpm\@babel+parser@7.29.2\node_modules\@babel\parser\lib\index.js:10784:23)
      at D:\Code\nbins\node_modules\.pnpm\@babel+parser@7.29.2\node_modules\@babel\parser\lib\index.js:10780:39
      at TypeScriptParserMixin.allowInAnd (D:\Code\nbins\node_modules\.pnpm\@babel+parser@7.29.2\node_modules\@babel\parser\lib\index.js:12421:16)
      at TypeScriptParserMixin.parseExpression (D:\Code\nbins\node_modules\.pnpm\@babel+parser@7.29.2\node_modules\@babel\parser\lib\index.js:10780:17)
      at TypeScriptParserMixin.parseReturnStatement (D:\Code\nbins\node_modules\.pnpm\@babel+parser@7.29.2\node_modules\@babel\parser\lib\index.js:13142:28)
      at TypeScriptParserMixin.parseStatementContent (D:\Code\nbins\node_modules\.pnpm\@babel+parser@7.29.2\node_modules\@babel\parser\lib\index.js:12798:21)
      at TypeScriptParserMixin.parseStatementContent (D:\Code\nbins\node_modules\.pnpm\@babel+parser@7.29.2\node_modules\@babel\parser\lib\index.js:9508:18)
      at TypeScriptParserMixin.parseStatementLike (D:\Code\nbins\node_modules\.pnpm\@babel+parser@7.29.2\node_modules\@babel\parser\lib\index.js:12767:17)
      at TypeScriptParserMixin.parseStatementListItem (D:\Code\nbins\node_modules\.pnpm\@babel+parser@7.29.2\node_modules\@babel\parser\lib\index.js:12747:17)
      at TypeScriptParserMixin.parseBlockOrModuleBlockBody (D:\Code\nbins\node_modules\.pnpm\@babel+parser@7.29.2\node_modules\@babel\parser\lib\index.js:13316:61)
      at TypeScriptParserMixin.parseBlockBody (D:\Code\nbins\node_modules\.pnpm\@babel+parser@7.29.2\node_modules\@babel\parser\lib\index.js:13309:10)
      at TypeScriptParserMixin.parseBlock (D:\Code\nbins\node_modules\.pnpm\@babel+parser@7.29.2\node_modules\@babel\parser\lib\index.js:13297:10)
      at TypeScriptParserMixin.parseFunctionBody (D:\Code\nbins\node_modules\.pnpm\@babel+parser@7.29.2\node_modules\@babel\parser\lib\index.js:12100:24)
      at TypeScriptParserMixin.parseFunctionBodyAndFinish (D:\Code\nbins\node_modules\.pnpm\@babel+parser@7.29.2\node_modules\@babel\parser\lib\index.js:12086:10)
      at TypeScriptParserMixin.parseFunctionBodyAndFinish (D:\Code\nbins\node_modules\.pnpm\@babel+parser@7.29.2\node_modules\@babel\parser\lib\index.js:9172:18)
[2m22:10:43[22m [31m[1m[vite][22m[39m [31mInternal server error: D:\Code\nbins\packages\web\src\pages\Reports.tsx: Expected corresponding JSX closing tag for <div>. (926:8)

[0m [90m 924 |[31m             [33m<[31m[33m/[31m[33mdiv[31m[33m>[31m
 [90m 925 |[31m           [33m<[31m[33m/[31m[33mdiv[31m[33m>[31m
[31m[1m>[22m[31m[90m 926 |[31m         [33m<[31m[33m/[31m[33mReportPage[31m[33m>[31m
 [90m     |[31m         [31m[1m^[22m[31m
 [90m 927 |[31m
 [90m 928 |[31m         [33m<[31m[33mReportPage[31m pageNumber[33m=[31m{[35m2[31m} totalPages[33m=[31m{[35m3[31m} projectName[33m=[31m{currentProjectName}[33m>[31m
 [90m 929 |[31m           [33m<[31m[33mdiv[31m style[33m=[31m{{ display[33m:[31m [32m'flex'[31m[33m,[31m flexDirection[33m:[31m [32m'column'[31m[33m,[31m gap[33m:[31m [32m'18px'[31m }}[33m>[31m[0m[39m
  Plugin: [35mvite:react-babel[39m
  File: [36mD:/Code/nbins/packages/web/src/pages/Reports.tsx[39m:926:8
[33m  940|                <div style={{ minHeight: '270px' }}>
  941|                  {disciplineQualityData.length > 0 ? (
  942|                    <ResponsiveContainer width="100%" height="100%">
     |                                       ^
  943|                      <BarChart data={disciplineQualityData} margin={{ top: 10, right: 10, left: -20, bottom: 0 }}>
  944|                        <CartesianGrid strokeDasharray="3 3" vertical={false} stroke="#e2e8f0" />[39m
      at constructor (D:\Code\nbins\node_modules\.pnpm\@babel+parser@7.29.2\node_modules\@babel\parser\lib\index.js:365:19)
      at TypeScriptParserMixin.raise (D:\Code\nbins\node_modules\.pnpm\@babel+parser@7.29.2\node_modules\@babel\parser\lib\index.js:6599:19)
      at TypeScriptParserMixin.jsxParseElementAt (D:\Code\nbins\node_modules\.pnpm\@babel+parser@7.29.2\node_modules\@babel\parser\lib\index.js:4727:16)
      at TypeScriptParserMixin.jsxParseElementAt (D:\Code\nbins\node_modules\.pnpm\@babel+parser@7.29.2\node_modules\@babel\parser\lib\index.js:4698:32)
      at TypeScriptParserMixin.jsxParseElementAt (D:\Code\nbins\node_modules\.pnpm\@babel+parser@7.29.2\node_modules\@babel\parser\lib\index.js:4698:32)
      at TypeScriptParserMixin.jsxParseElementAt (D:\Code\nbins\node_modules\.pnpm\@babel+parser@7.29.2\node_modules\@babel\parser\lib\index.js:4698:32)
      at TypeScriptParserMixin.jsxParseElementAt (D:\Code\nbins\node_modules\.pnpm\@babel+parser@7.29.2\node_modules\@babel\parser\lib\index.js:4698:32)
      at TypeScriptParserMixin.jsxParseElement (D:\Code\nbins\node_modules\.pnpm\@babel+parser@7.29.2\node_modules\@babel\parser\lib\index.js:4749:17)
      at TypeScriptParserMixin.parseExprAtom (D:\Code\nbins\node_modules\.pnpm\@babel+parser@7.29.2\node_modules\@babel\parser\lib\index.js:4759:19)
      at TypeScriptParserMixin.parseExprSubscripts (D:\Code\nbins\node_modules\.pnpm\@babel+parser@7.29.2\node_modules\@babel\parser\lib\index.js:11081:23)
      at TypeScriptParserMixin.parseUpdate (D:\Code\nbins\node_modules\.pnpm\@babel+parser@7.29.2\node_modules\@babel\parser\lib\index.js:11066:21)
      at TypeScriptParserMixin.parseMaybeUnary (D:\Code\nbins\node_modules\.pnpm\@babel+parser@7.29.2\node_modules\@babel\parser\lib\index.js:11046:23)
      at TypeScriptParserMixin.parseMaybeUnary (D:\Code\nbins\node_modules\.pnpm\@babel+parser@7.29.2\node_modules\@babel\parser\lib\index.js:9837:18)
      at TypeScriptParserMixin.parseMaybeUnaryOrPrivate (D:\Code\nbins\node_modules\.pnpm\@babel+parser@7.29.2\node_modules\@babel\parser\lib\index.js:10899:61)
      at TypeScriptParserMixin.parseExprOps (D:\Code\nbins\node_modules\.pnpm\@babel+parser@7.29.2\node_modules\@babel\parser\lib\index.js:10904:23)
      at TypeScriptParserMixin.parseMaybeConditional (D:\Code\nbins\node_modules\.pnpm\@babel+parser@7.29.2\node_modules\@babel\parser\lib\index.js:10881:23)
      at TypeScriptParserMixin.parseMaybeAssign (D:\Code\nbins\node_modules\.pnpm\@babel+parser@7.29.2\node_modules\@babel\parser\lib\index.js:10831:21)
      at D:\Code\nbins\node_modules\.pnpm\@babel+parser@7.29.2\node_modules\@babel\parser\lib\index.js:9775:39
      at TypeScriptParserMixin.tryParse (D:\Code\nbins\node_modules\.pnpm\@babel+parser@7.29.2\node_modules\@babel\parser\lib\index.js:6907:20)
      at TypeScriptParserMixin.parseMaybeAssign (D:\Code\nbins\node_modules\.pnpm\@babel+parser@7.29.2\node_modules\@babel\parser\lib\index.js:9775:18)
      at D:\Code\nbins\node_modules\.pnpm\@babel+parser@7.29.2\node_modules\@babel\parser\lib\index.js:10800:39
      at TypeScriptParserMixin.allowInAnd (D:\Code\nbins\node_modules\.pnpm\@babel+parser@7.29.2\node_modules\@babel\parser\lib\index.js:12426:12)
      at TypeScriptParserMixin.parseMaybeAssignAllowIn (D:\Code\nbins\node_modules\.pnpm\@babel+parser@7.29.2\node_modules\@babel\parser\lib\index.js:10800:17)
      at TypeScriptParserMixin.parseMaybeAssignAllowInOrVoidPattern (D:\Code\nbins\node_modules\.pnpm\@babel+parser@7.29.2\node_modules\@babel\parser\lib\index.js:12493:17)
      at TypeScriptParserMixin.parseParenAndDistinguishExpression (D:\Code\nbins\node_modules\.pnpm\@babel+parser@7.29.2\node_modules\@babel\parser\lib\index.js:11675:28)
      at TypeScriptParserMixin.parseExprAtom (D:\Code\nbins\node_modules\.pnpm\@babel+parser@7.29.2\node_modules\@babel\parser\lib\index.js:11331:23)
      at TypeScriptParserMixin.parseExprAtom (D:\Code\nbins\node_modules\.pnpm\@babel+parser@7.29.2\node_modules\@babel\parser\lib\index.js:4764:20)
      at TypeScriptParserMixin.parseExprSubscripts (D:\Code\nbins\node_modules\.pnpm\@babel+parser@7.29.2\node_modules\@babel\parser\lib\index.js:11081:23)
      at TypeScriptParserMixin.parseUpdate (D:\Code\nbins\node_modules\.pnpm\@babel+parser@7.29.2\node_modules\@babel\parser\lib\index.js:11066:21)
      at TypeScriptParserMixin.parseMaybeUnary (D:\Code\nbins\node_modules\.pnpm\@babel+parser@7.29.2\node_modules\@babel\parser\lib\index.js:11046:23)
      at TypeScriptParserMixin.parseMaybeUnary (D:\Code\nbins\node_modules\.pnpm\@babel+parser@7.29.2\node_modules\@babel\parser\lib\index.js:9837:18)
      at TypeScriptParserMixin.parseMaybeUnaryOrPrivate (D:\Code\nbins\node_modules\.pnpm\@babel+parser@7.29.2\node_modules\@babel\parser\lib\index.js:10899:61)
      at TypeScriptParserMixin.parseExprOps (D:\Code\nbins\node_modules\.pnpm\@babel+parser@7.29.2\node_modules\@babel\parser\lib\index.js:10904:23)
      at TypeScriptParserMixin.parseMaybeConditional (D:\Code\nbins\node_modules\.pnpm\@babel+parser@7.29.2\node_modules\@babel\parser\lib\index.js:10881:23)
      at TypeScriptParserMixin.parseMaybeAssign (D:\Code\nbins\node_modules\.pnpm\@babel+parser@7.29.2\node_modules\@babel\parser\lib\index.js:10831:21)
      at TypeScriptParserMixin.parseMaybeAssign (D:\Code\nbins\node_modules\.pnpm\@babel+parser@7.29.2\node_modules\@babel\parser\lib\index.js:9786:20)
      at TypeScriptParserMixin.parseExpressionBase (D:\Code\nbins\node_modules\.pnpm\@babel+parser@7.29.2\node_modules\@babel\parser\lib\index.js:10784:23)
      at D:\Code\nbins\node_modules\.pnpm\@babel+parser@7.29.2\node_modules\@babel\parser\lib\index.js:10780:39
      at TypeScriptParserMixin.allowInAnd (D:\Code\nbins\node_modules\.pnpm\@babel+parser@7.29.2\node_modules\@babel\parser\lib\index.js:12421:16)
      at TypeScriptParserMixin.parseExpression (D:\Code\nbins\node_modules\.pnpm\@babel+parser@7.29.2\node_modules\@babel\parser\lib\index.js:10780:17)
      at TypeScriptParserMixin.parseReturnStatement (D:\Code\nbins\node_modules\.pnpm\@babel+parser@7.29.2\node_modules\@babel\parser\lib\index.js:13142:28)
      at TypeScriptParserMixin.parseStatementContent (D:\Code\nbins\node_modules\.pnpm\@babel+parser@7.29.2\node_modules\@babel\parser\lib\index.js:12798:21)
      at TypeScriptParserMixin.parseStatementContent (D:\Code\nbins\node_modules\.pnpm\@babel+parser@7.29.2\node_modules\@babel\parser\lib\index.js:9508:18)
      at TypeScriptParserMixin.parseStatementLike (D:\Code\nbins\node_modules\.pnpm\@babel+parser@7.29.2\node_modules\@babel\parser\lib\index.js:12767:17)
      at TypeScriptParserMixin.parseStatementListItem (D:\Code\nbins\node_modules\.pnpm\@babel+parser@7.29.2\node_modules\@babel\parser\lib\index.js:12747:17)
      at TypeScriptParserMixin.parseBlockOrModuleBlockBody (D:\Code\nbins\node_modules\.pnpm\@babel+parser@7.29.2\node_modules\@babel\parser\lib\index.js:13316:61)
      at TypeScriptParserMixin.parseBlockBody (D:\Code\nbins\node_modules\.pnpm\@babel+parser@7.29.2\node_modules\@babel\parser\lib\index.js:13309:10)
      at TypeScriptParserMixin.parseBlock (D:\Code\nbins\node_modules\.pnpm\@babel+parser@7.29.2\node_modules\@babel\parser\lib\index.js:13297:10)
      at TypeScriptParserMixin.parseFunctionBody (D:\Code\nbins\node_modules\.pnpm\@babel+parser@7.29.2\node_modules\@babel\parser\lib\index.js:12100:24)
      at TypeScriptParserMixin.parseFunctionBodyAndFinish (D:\Code\nbins\node_modules\.pnpm\@babel+parser@7.29.2\node_modules\@babel\parser\lib\index.js:12086:10)
